<?xml version="1.0" encoding="UTF-8"?>
<testng-results ignored="0" total="6" passed="6" failed="0" skipped="0">
  <reporter-output>
  </reporter-output>
  <suite started-at="2022-01-11T17:24:24 ICT" name="Default suite" finished-at="2022-01-11T17:24:50 ICT" duration-ms="25629">
    <groups>
    </groups>
    <test started-at="2022-01-11T17:24:24 ICT" name="Default test" finished-at="2022-01-11T17:24:50 ICT" duration-ms="25629">
      <class name="Selenium_webdriver_java_testNG.Selenium_webdriver_java_testNG.Topic_02_Homework">
        <test-method is-config="true" signature="beforeClass()[pri:0, instance:Selenium_webdriver_java_testNG.Selenium_webdriver_java_testNG.Topic_02_Homework@e15b7e8]" started-at="2022-01-11T17:24:24 ICT" name="beforeClass" finished-at="2022-01-11T17:24:32 ICT" duration-ms="8211" status="PASS">
          <reporter-output>
          </reporter-output>
        </test-method> <!-- beforeClass -->
        <test-method signature="TC_01_Register_Empty_Data()[pri:0, instance:Selenium_webdriver_java_testNG.Selenium_webdriver_java_testNG.Topic_02_Homework@e15b7e8]" started-at="2022-01-11T17:24:32 ICT" name="TC_01_Register_Empty_Data" finished-at="2022-01-11T17:24:38 ICT" duration-ms="5450" status="PASS">
          <reporter-output>
          </reporter-output>
        </test-method> <!-- TC_01_Register_Empty_Data -->
        <test-method signature="TC_02_Register_Invalid_Email()[pri:0, instance:Selenium_webdriver_java_testNG.Selenium_webdriver_java_testNG.Topic_02_Homework@e15b7e8]" started-at="2022-01-11T17:24:38 ICT" name="TC_02_Register_Invalid_Email" finished-at="2022-01-11T17:24:40 ICT" duration-ms="2482" status="PASS">
          <reporter-output>
          </reporter-output>
        </test-method> <!-- TC_02_Register_Invalid_Email -->
        <test-method signature="TC_03_Register_Incorrect_Email()[pri:0, instance:Selenium_webdriver_java_testNG.Selenium_webdriver_java_testNG.Topic_02_Homework@e15b7e8]" started-at="2022-01-11T17:24:40 ICT" name="TC_03_Register_Incorrect_Email" finished-at="2022-01-11T17:24:42 ICT" duration-ms="2087" status="PASS">
          <reporter-output>
          </reporter-output>
        </test-method> <!-- TC_03_Register_Incorrect_Email -->
        <test-method signature="TC_04_Register_Password_Less_Than_6_Chars()[pri:0, instance:Selenium_webdriver_java_testNG.Selenium_webdriver_java_testNG.Topic_02_Homework@e15b7e8]" started-at="2022-01-11T17:24:42 ICT" name="TC_04_Register_Password_Less_Than_6_Chars" finished-at="2022-01-11T17:24:45 ICT" duration-ms="2008" status="PASS">
          <reporter-output>
          </reporter-output>
        </test-method> <!-- TC_04_Register_Password_Less_Than_6_Chars -->
        <test-method signature="TC_05_Register_Incorrect_Password()[pri:0, instance:Selenium_webdriver_java_testNG.Selenium_webdriver_java_testNG.Topic_02_Homework@e15b7e8]" started-at="2022-01-11T17:24:45 ICT" name="TC_05_Register_Incorrect_Password" finished-at="2022-01-11T17:24:46 ICT" duration-ms="1914" status="PASS">
          <reporter-output>
          </reporter-output>
        </test-method> <!-- TC_05_Register_Incorrect_Password -->
        <test-method signature="TC_06_Register_Invalid_Phone()[pri:0, instance:Selenium_webdriver_java_testNG.Selenium_webdriver_java_testNG.Topic_02_Homework@e15b7e8]" started-at="2022-01-11T17:24:46 ICT" name="TC_06_Register_Invalid_Phone" finished-at="2022-01-11T17:24:49 ICT" duration-ms="2288" status="PASS">
          <reporter-output>
          </reporter-output>
        </test-method> <!-- TC_06_Register_Invalid_Phone -->
        <test-method is-config="true" signature="afterClass()[pri:0, instance:Selenium_webdriver_java_testNG.Selenium_webdriver_java_testNG.Topic_02_Homework@e15b7e8]" started-at="2022-01-11T17:24:49 ICT" name="afterClass" finished-at="2022-01-11T17:24:50 ICT" duration-ms="1143" status="PASS">
          <reporter-output>
          </reporter-output>
        </test-method> <!-- afterClass -->
      </class> <!-- Selenium_webdriver_java_testNG.Selenium_webdriver_java_testNG.Topic_02_Homework -->
    </test> <!-- Default test -->
  </suite> <!-- Default suite -->
</testng-results>
